[0.066s] Invoking command in '/home/jack/f24_robotics_HW4/turtlebot3_bringup/build/turtlebot3_bringup': CMAKE_PREFIX_PATH=${CMAKE_PREFIX_PATH}:/home/jack/f24_robotics_HW4/webots_ros2_homework1_python/install/webots_ros2_homework1_python:/home/jack/turtlebot3_ws/install/turtlebot3_teleop:/home/jack/turtlebot3_ws/install/turtlebot3_example:/opt/ros/humble /usr/bin/cmake --build /home/jack/f24_robotics_HW4/turtlebot3_bringup/build/turtlebot3_bringup -- -j4 -l4
[0.216s] Invoked command in '/home/jack/f24_robotics_HW4/turtlebot3_bringup/build/turtlebot3_bringup' returned '0': CMAKE_PREFIX_PATH=${CMAKE_PREFIX_PATH}:/home/jack/f24_robotics_HW4/webots_ros2_homework1_python/install/webots_ros2_homework1_python:/home/jack/turtlebot3_ws/install/turtlebot3_teleop:/home/jack/turtlebot3_ws/install/turtlebot3_example:/opt/ros/humble /usr/bin/cmake --build /home/jack/f24_robotics_HW4/turtlebot3_bringup/build/turtlebot3_bringup -- -j4 -l4
[0.367s] Invoking command in '/home/jack/f24_robotics_HW4/turtlebot3_bringup/build/turtlebot3_bringup': CMAKE_PREFIX_PATH=${CMAKE_PREFIX_PATH}:/home/jack/f24_robotics_HW4/webots_ros2_homework1_python/install/webots_ros2_homework1_python:/home/jack/turtlebot3_ws/install/turtlebot3_teleop:/home/jack/turtlebot3_ws/install/turtlebot3_example:/opt/ros/humble /usr/bin/cmake --install /home/jack/f24_robotics_HW4/turtlebot3_bringup/build/turtlebot3_bringup
[0.397s] -- Install configuration: ""
[0.398s] -- Up-to-date: /home/jack/f24_robotics_HW4/turtlebot3_bringup/install/turtlebot3_bringup/share/turtlebot3_bringup/launch
[0.403s] -- Up-to-date: /home/jack/f24_robotics_HW4/turtlebot3_bringup/install/turtlebot3_bringup/share/turtlebot3_bringup/launch/robot.launch.py
[0.404s] -- Up-to-date: /home/jack/f24_robotics_HW4/turtlebot3_bringup/install/turtlebot3_bringup/share/turtlebot3_bringup/launch/position.txt
[0.404s] -- Installing: /home/jack/f24_robotics_HW4/turtlebot3_bringup/install/turtlebot3_bringup/share/turtlebot3_bringup/launch/turtlebot3_state_publisher.launch.py
[0.405s] -- Up-to-date: /home/jack/f24_robotics_HW4/turtlebot3_bringup/install/turtlebot3_bringup/share/turtlebot3_bringup/launch/rviz2.launch.py
[0.406s] -- Up-to-date: /home/jack/f24_robotics_HW4/turtlebot3_bringup/install/turtlebot3_bringup/share/turtlebot3_bringup/param
[0.407s] -- Up-to-date: /home/jack/f24_robotics_HW4/turtlebot3_bringup/install/turtlebot3_bringup/share/turtlebot3_bringup/param/waffle_pi.yaml
[0.408s] -- Up-to-date: /home/jack/f24_robotics_HW4/turtlebot3_bringup/install/turtlebot3_bringup/share/turtlebot3_bringup/param/waffle.yaml
[0.409s] -- Up-to-date: /home/jack/f24_robotics_HW4/turtlebot3_bringup/install/turtlebot3_bringup/share/turtlebot3_bringup/param/burger.yaml
[0.411s] -- Up-to-date: /home/jack/f24_robotics_HW4/turtlebot3_bringup/install/turtlebot3_bringup/share/turtlebot3_bringup/script
[0.412s] -- Up-to-date: /home/jack/f24_robotics_HW4/turtlebot3_bringup/install/turtlebot3_bringup/share/turtlebot3_bringup/script/create_udev_rules
[0.412s] -- Up-to-date: /home/jack/f24_robotics_HW4/turtlebot3_bringup/install/turtlebot3_bringup/share/turtlebot3_bringup/script/99-turtlebot3-cdc.rules
[0.415s] -- Up-to-date: /home/jack/f24_robotics_HW4/turtlebot3_bringup/install/turtlebot3_bringup/share/ament_index/resource_index/package_run_dependencies/turtlebot3_bringup
[0.416s] -- Up-to-date: /home/jack/f24_robotics_HW4/turtlebot3_bringup/install/turtlebot3_bringup/share/ament_index/resource_index/parent_prefix_path/turtlebot3_bringup
[0.416s] -- Up-to-date: /home/jack/f24_robotics_HW4/turtlebot3_bringup/install/turtlebot3_bringup/share/turtlebot3_bringup/environment/ament_prefix_path.sh
[0.417s] -- Up-to-date: /home/jack/f24_robotics_HW4/turtlebot3_bringup/install/turtlebot3_bringup/share/turtlebot3_bringup/environment/ament_prefix_path.dsv
[0.418s] -- Up-to-date: /home/jack/f24_robotics_HW4/turtlebot3_bringup/install/turtlebot3_bringup/share/turtlebot3_bringup/environment/path.sh
[0.419s] -- Up-to-date: /home/jack/f24_robotics_HW4/turtlebot3_bringup/install/turtlebot3_bringup/share/turtlebot3_bringup/environment/path.dsv
[0.419s] -- Up-to-date: /home/jack/f24_robotics_HW4/turtlebot3_bringup/install/turtlebot3_bringup/share/turtlebot3_bringup/local_setup.bash
[0.420s] -- Up-to-date: /home/jack/f24_robotics_HW4/turtlebot3_bringup/install/turtlebot3_bringup/share/turtlebot3_bringup/local_setup.sh
[0.421s] -- Up-to-date: /home/jack/f24_robotics_HW4/turtlebot3_bringup/install/turtlebot3_bringup/share/turtlebot3_bringup/local_setup.zsh
[0.421s] -- Up-to-date: /home/jack/f24_robotics_HW4/turtlebot3_bringup/install/turtlebot3_bringup/share/turtlebot3_bringup/local_setup.dsv
[0.423s] -- Installing: /home/jack/f24_robotics_HW4/turtlebot3_bringup/install/turtlebot3_bringup/share/turtlebot3_bringup/package.dsv
[0.424s] -- Up-to-date: /home/jack/f24_robotics_HW4/turtlebot3_bringup/install/turtlebot3_bringup/share/ament_index/resource_index/packages/turtlebot3_bringup
[0.424s] -- Up-to-date: /home/jack/f24_robotics_HW4/turtlebot3_bringup/install/turtlebot3_bringup/share/turtlebot3_bringup/cmake/turtlebot3_bringupConfig.cmake
[0.425s] -- Up-to-date: /home/jack/f24_robotics_HW4/turtlebot3_bringup/install/turtlebot3_bringup/share/turtlebot3_bringup/cmake/turtlebot3_bringupConfig-version.cmake
[0.426s] -- Up-to-date: /home/jack/f24_robotics_HW4/turtlebot3_bringup/install/turtlebot3_bringup/share/turtlebot3_bringup/package.xml
[0.438s] Invoked command in '/home/jack/f24_robotics_HW4/turtlebot3_bringup/build/turtlebot3_bringup' returned '0': CMAKE_PREFIX_PATH=${CMAKE_PREFIX_PATH}:/home/jack/f24_robotics_HW4/webots_ros2_homework1_python/install/webots_ros2_homework1_python:/home/jack/turtlebot3_ws/install/turtlebot3_teleop:/home/jack/turtlebot3_ws/install/turtlebot3_example:/opt/ros/humble /usr/bin/cmake --install /home/jack/f24_robotics_HW4/turtlebot3_bringup/build/turtlebot3_bringup
