[0.056s] Invoking command in '/home/jack/f24_robotics_HW4/turtlebot3_bringup/build/turtlebot3_bringup': CMAKE_PREFIX_PATH=${CMAKE_PREFIX_PATH}:/home/jack/turtlebot3_ws/install/turtlebot3_teleop:/home/jack/turtlebot3_ws/install/turtlebot3_example:/opt/ros/humble /usr/bin/cmake /home/jack/f24_robotics_HW4/turtlebot3_bringup -DCMAKE_INSTALL_PREFIX=/home/jack/f24_robotics_HW4/turtlebot3_bringup/install/turtlebot3_bringup
[1.167s] -- The C compiler identification is GNU 11.4.0
[1.984s] -- The CXX compiler identification is GNU 11.4.0
[2.045s] -- Detecting C compiler ABI info
[2.453s] -- Detecting C compiler ABI info - done
[2.479s] -- Check for working C compiler: /usr/bin/cc - skipped
[2.481s] -- Detecting C compile features
[2.484s] -- Detecting C compile features - done
[2.500s] -- Detecting CXX compiler ABI info
[2.882s] -- Detecting CXX compiler ABI info - done
[2.908s] -- Check for working CXX compiler: /usr/bin/c++ - skipped
[2.909s] -- Detecting CXX compile features
[2.911s] -- Detecting CXX compile features - done
[2.977s] -- Found ament_cmake: 1.3.10 (/opt/ros/humble/share/ament_cmake/cmake)
[3.874s] -- Found Python3: /usr/bin/python3 (found version "3.10.12") found components: Interpreter 
[5.123s] -- Configuring done
[5.142s] -- Generating done
[5.147s] -- Build files have been written to: /home/jack/f24_robotics_HW4/turtlebot3_bringup/build/turtlebot3_bringup
[5.161s] Invoked command in '/home/jack/f24_robotics_HW4/turtlebot3_bringup/build/turtlebot3_bringup' returned '0': CMAKE_PREFIX_PATH=${CMAKE_PREFIX_PATH}:/home/jack/turtlebot3_ws/install/turtlebot3_teleop:/home/jack/turtlebot3_ws/install/turtlebot3_example:/opt/ros/humble /usr/bin/cmake /home/jack/f24_robotics_HW4/turtlebot3_bringup -DCMAKE_INSTALL_PREFIX=/home/jack/f24_robotics_HW4/turtlebot3_bringup/install/turtlebot3_bringup
[5.170s] Invoking command in '/home/jack/f24_robotics_HW4/turtlebot3_bringup/build/turtlebot3_bringup': CMAKE_PREFIX_PATH=${CMAKE_PREFIX_PATH}:/home/jack/turtlebot3_ws/install/turtlebot3_teleop:/home/jack/turtlebot3_ws/install/turtlebot3_example:/opt/ros/humble /usr/bin/cmake --build /home/jack/f24_robotics_HW4/turtlebot3_bringup/build/turtlebot3_bringup -- -j4 -l4
[5.315s] Invoked command in '/home/jack/f24_robotics_HW4/turtlebot3_bringup/build/turtlebot3_bringup' returned '0': CMAKE_PREFIX_PATH=${CMAKE_PREFIX_PATH}:/home/jack/turtlebot3_ws/install/turtlebot3_teleop:/home/jack/turtlebot3_ws/install/turtlebot3_example:/opt/ros/humble /usr/bin/cmake --build /home/jack/f24_robotics_HW4/turtlebot3_bringup/build/turtlebot3_bringup -- -j4 -l4
[5.464s] Invoking command in '/home/jack/f24_robotics_HW4/turtlebot3_bringup/build/turtlebot3_bringup': CMAKE_PREFIX_PATH=${CMAKE_PREFIX_PATH}:/home/jack/turtlebot3_ws/install/turtlebot3_teleop:/home/jack/turtlebot3_ws/install/turtlebot3_example:/opt/ros/humble /usr/bin/cmake --install /home/jack/f24_robotics_HW4/turtlebot3_bringup/build/turtlebot3_bringup
[5.498s] -- Install configuration: ""
[5.501s] -- Installing: /home/jack/f24_robotics_HW4/turtlebot3_bringup/install/turtlebot3_bringup/share/turtlebot3_bringup/launch
[5.502s] -- Installing: /home/jack/f24_robotics_HW4/turtlebot3_bringup/install/turtlebot3_bringup/share/turtlebot3_bringup/launch/robot.launch.py
[5.504s] -- Installing: /home/jack/f24_robotics_HW4/turtlebot3_bringup/install/turtlebot3_bringup/share/turtlebot3_bringup/launch/turtlebot3_state_publisher.launch.py
[5.506s] -- Installing: /home/jack/f24_robotics_HW4/turtlebot3_bringup/install/turtlebot3_bringup/share/turtlebot3_bringup/launch/rviz2.launch.py
[5.509s] -- Installing: /home/jack/f24_robotics_HW4/turtlebot3_bringup/install/turtlebot3_bringup/share/turtlebot3_bringup/param
[5.510s] -- Installing: /home/jack/f24_robotics_HW4/turtlebot3_bringup/install/turtlebot3_bringup/share/turtlebot3_bringup/param/waffle_pi.yaml
[5.513s] -- Installing: /home/jack/f24_robotics_HW4/turtlebot3_bringup/install/turtlebot3_bringup/share/turtlebot3_bringup/param/waffle.yaml
[5.515s] -- Installing: /home/jack/f24_robotics_HW4/turtlebot3_bringup/install/turtlebot3_bringup/share/turtlebot3_bringup/param/burger.yaml
[5.518s] -- Installing: /home/jack/f24_robotics_HW4/turtlebot3_bringup/install/turtlebot3_bringup/share/turtlebot3_bringup/script
[5.519s] -- Installing: /home/jack/f24_robotics_HW4/turtlebot3_bringup/install/turtlebot3_bringup/share/turtlebot3_bringup/script/create_udev_rules
[5.519s] -- Installing: /home/jack/f24_robotics_HW4/turtlebot3_bringup/install/turtlebot3_bringup/share/turtlebot3_bringup/script/99-turtlebot3-cdc.rules
[5.521s] -- Installing: /home/jack/f24_robotics_HW4/turtlebot3_bringup/install/turtlebot3_bringup/share/ament_index/resource_index/package_run_dependencies/turtlebot3_bringup
[5.523s] -- Installing: /home/jack/f24_robotics_HW4/turtlebot3_bringup/install/turtlebot3_bringup/share/ament_index/resource_index/parent_prefix_path/turtlebot3_bringup
[5.527s] -- Installing: /home/jack/f24_robotics_HW4/turtlebot3_bringup/install/turtlebot3_bringup/share/turtlebot3_bringup/environment/ament_prefix_path.sh
[5.528s] -- Installing: /home/jack/f24_robotics_HW4/turtlebot3_bringup/install/turtlebot3_bringup/share/turtlebot3_bringup/environment/ament_prefix_path.dsv
[5.529s] -- Installing: /home/jack/f24_robotics_HW4/turtlebot3_bringup/install/turtlebot3_bringup/share/turtlebot3_bringup/environment/path.sh
[5.534s] -- Installing: /home/jack/f24_robotics_HW4/turtlebot3_bringup/install/turtlebot3_bringup/share/turtlebot3_bringup/environment/path.dsv
[5.535s] -- Installing: /home/jack/f24_robotics_HW4/turtlebot3_bringup/install/turtlebot3_bringup/share/turtlebot3_bringup/local_setup.bash
[5.535s] -- Installing: /home/jack/f24_robotics_HW4/turtlebot3_bringup/install/turtlebot3_bringup/share/turtlebot3_bringup/local_setup.sh
[5.537s] -- Installing: /home/jack/f24_robotics_HW4/turtlebot3_bringup/install/turtlebot3_bringup/share/turtlebot3_bringup/local_setup.zsh
[5.542s] -- Installing: /home/jack/f24_robotics_HW4/turtlebot3_bringup/install/turtlebot3_bringup/share/turtlebot3_bringup/local_setup.dsv
[5.543s] -- Installing: /home/jack/f24_robotics_HW4/turtlebot3_bringup/install/turtlebot3_bringup/share/turtlebot3_bringup/package.dsv
[5.544s] -- Installing: /home/jack/f24_robotics_HW4/turtlebot3_bringup/install/turtlebot3_bringup/share/ament_index/resource_index/packages/turtlebot3_bringup
[5.544s] -- Installing: /home/jack/f24_robotics_HW4/turtlebot3_bringup/install/turtlebot3_bringup/share/turtlebot3_bringup/cmake/turtlebot3_bringupConfig.cmake
[5.545s] -- Installing: /home/jack/f24_robotics_HW4/turtlebot3_bringup/install/turtlebot3_bringup/share/turtlebot3_bringup/cmake/turtlebot3_bringupConfig-version.cmake
[5.545s] -- Installing: /home/jack/f24_robotics_HW4/turtlebot3_bringup/install/turtlebot3_bringup/share/turtlebot3_bringup/package.xml
[5.551s] Invoked command in '/home/jack/f24_robotics_HW4/turtlebot3_bringup/build/turtlebot3_bringup' returned '0': CMAKE_PREFIX_PATH=${CMAKE_PREFIX_PATH}:/home/jack/turtlebot3_ws/install/turtlebot3_teleop:/home/jack/turtlebot3_ws/install/turtlebot3_example:/opt/ros/humble /usr/bin/cmake --install /home/jack/f24_robotics_HW4/turtlebot3_bringup/build/turtlebot3_bringup
