[0.070s] Invoking command in '/home/jack/f24_robotics_HW4/turtlebot3_bringup/build/turtlebot3_bringup': CMAKE_PREFIX_PATH=${CMAKE_PREFIX_PATH}:/home/jack/turtlebot3_ws/install/turtlebot3_teleop:/home/jack/turtlebot3_ws/install/turtlebot3_example:/opt/ros/humble /usr/bin/cmake --build /home/jack/f24_robotics_HW4/turtlebot3_bringup/build/turtlebot3_bringup -- -j4 -l4
[0.470s] Invoked command in '/home/jack/f24_robotics_HW4/turtlebot3_bringup/build/turtlebot3_bringup' returned '0': CMAKE_PREFIX_PATH=${CMAKE_PREFIX_PATH}:/home/jack/turtlebot3_ws/install/turtlebot3_teleop:/home/jack/turtlebot3_ws/install/turtlebot3_example:/opt/ros/humble /usr/bin/cmake --build /home/jack/f24_robotics_HW4/turtlebot3_bringup/build/turtlebot3_bringup -- -j4 -l4
[0.683s] Invoking command in '/home/jack/f24_robotics_HW4/turtlebot3_bringup/build/turtlebot3_bringup': CMAKE_PREFIX_PATH=${CMAKE_PREFIX_PATH}:/home/jack/turtlebot3_ws/install/turtlebot3_teleop:/home/jack/turtlebot3_ws/install/turtlebot3_example:/opt/ros/humble /usr/bin/cmake --install /home/jack/f24_robotics_HW4/turtlebot3_bringup/build/turtlebot3_bringup
[0.727s] -- Install configuration: ""
[0.734s] -- Up-to-date: /home/jack/f24_robotics_HW4/turtlebot3_bringup/install/turtlebot3_bringup/share/turtlebot3_bringup/launch
[0.735s] -- Up-to-date: /home/jack/f24_robotics_HW4/turtlebot3_bringup/install/turtlebot3_bringup/share/turtlebot3_bringup/launch/robot.launch.py
[0.735s] -- Installing: /home/jack/f24_robotics_HW4/turtlebot3_bringup/install/turtlebot3_bringup/share/turtlebot3_bringup/launch/position.txt
[0.736s] -- Installing: /home/jack/f24_robotics_HW4/turtlebot3_bringup/install/turtlebot3_bringup/share/turtlebot3_bringup/launch/turtlebot3_state_publisher.launch.py
[0.737s] -- Up-to-date: /home/jack/f24_robotics_HW4/turtlebot3_bringup/install/turtlebot3_bringup/share/turtlebot3_bringup/launch/rviz2.launch.py
[0.738s] -- Up-to-date: /home/jack/f24_robotics_HW4/turtlebot3_bringup/install/turtlebot3_bringup/share/turtlebot3_bringup/param
[0.739s] -- Up-to-date: /home/jack/f24_robotics_HW4/turtlebot3_bringup/install/turtlebot3_bringup/share/turtlebot3_bringup/param/waffle_pi.yaml
[0.741s] -- Up-to-date: /home/jack/f24_robotics_HW4/turtlebot3_bringup/install/turtlebot3_bringup/share/turtlebot3_bringup/param/waffle.yaml
[0.743s] -- Up-to-date: /home/jack/f24_robotics_HW4/turtlebot3_bringup/install/turtlebot3_bringup/share/turtlebot3_bringup/param/burger.yaml
[0.744s] -- Up-to-date: /home/jack/f24_robotics_HW4/turtlebot3_bringup/install/turtlebot3_bringup/share/turtlebot3_bringup/script
[0.746s] -- Up-to-date: /home/jack/f24_robotics_HW4/turtlebot3_bringup/install/turtlebot3_bringup/share/turtlebot3_bringup/script/create_udev_rules
[0.748s] -- Up-to-date: /home/jack/f24_robotics_HW4/turtlebot3_bringup/install/turtlebot3_bringup/share/turtlebot3_bringup/script/99-turtlebot3-cdc.rules
[0.750s] -- Up-to-date: /home/jack/f24_robotics_HW4/turtlebot3_bringup/install/turtlebot3_bringup/share/ament_index/resource_index/package_run_dependencies/turtlebot3_bringup
[0.753s] -- Up-to-date: /home/jack/f24_robotics_HW4/turtlebot3_bringup/install/turtlebot3_bringup/share/ament_index/resource_index/parent_prefix_path/turtlebot3_bringup
[0.756s] -- Up-to-date: /home/jack/f24_robotics_HW4/turtlebot3_bringup/install/turtlebot3_bringup/share/turtlebot3_bringup/environment/ament_prefix_path.sh
[0.758s] -- Up-to-date: /home/jack/f24_robotics_HW4/turtlebot3_bringup/install/turtlebot3_bringup/share/turtlebot3_bringup/environment/ament_prefix_path.dsv
[0.761s] -- Up-to-date: /home/jack/f24_robotics_HW4/turtlebot3_bringup/install/turtlebot3_bringup/share/turtlebot3_bringup/environment/path.sh
[0.762s] -- Up-to-date: /home/jack/f24_robotics_HW4/turtlebot3_bringup/install/turtlebot3_bringup/share/turtlebot3_bringup/environment/path.dsv
[0.763s] -- Up-to-date: /home/jack/f24_robotics_HW4/turtlebot3_bringup/install/turtlebot3_bringup/share/turtlebot3_bringup/local_setup.bash
[0.764s] -- Up-to-date: /home/jack/f24_robotics_HW4/turtlebot3_bringup/install/turtlebot3_bringup/share/turtlebot3_bringup/local_setup.sh
[0.767s] -- Up-to-date: /home/jack/f24_robotics_HW4/turtlebot3_bringup/install/turtlebot3_bringup/share/turtlebot3_bringup/local_setup.zsh
[0.769s] -- Up-to-date: /home/jack/f24_robotics_HW4/turtlebot3_bringup/install/turtlebot3_bringup/share/turtlebot3_bringup/local_setup.dsv
[0.770s] -- Installing: /home/jack/f24_robotics_HW4/turtlebot3_bringup/install/turtlebot3_bringup/share/turtlebot3_bringup/package.dsv
[0.771s] -- Up-to-date: /home/jack/f24_robotics_HW4/turtlebot3_bringup/install/turtlebot3_bringup/share/ament_index/resource_index/packages/turtlebot3_bringup
[0.773s] -- Up-to-date: /home/jack/f24_robotics_HW4/turtlebot3_bringup/install/turtlebot3_bringup/share/turtlebot3_bringup/cmake/turtlebot3_bringupConfig.cmake
[0.774s] -- Up-to-date: /home/jack/f24_robotics_HW4/turtlebot3_bringup/install/turtlebot3_bringup/share/turtlebot3_bringup/cmake/turtlebot3_bringupConfig-version.cmake
[0.776s] -- Up-to-date: /home/jack/f24_robotics_HW4/turtlebot3_bringup/install/turtlebot3_bringup/share/turtlebot3_bringup/package.xml
[0.787s] Invoked command in '/home/jack/f24_robotics_HW4/turtlebot3_bringup/build/turtlebot3_bringup' returned '0': CMAKE_PREFIX_PATH=${CMAKE_PREFIX_PATH}:/home/jack/turtlebot3_ws/install/turtlebot3_teleop:/home/jack/turtlebot3_ws/install/turtlebot3_example:/opt/ros/humble /usr/bin/cmake --install /home/jack/f24_robotics_HW4/turtlebot3_bringup/build/turtlebot3_bringup
