[3.613s] Invoking command in '/home/jack/f24_robotics_HW4/webots_apriltags/src/webots_apriltags': PYTHONPATH=/home/jack/f24_robotics_HW4/webots_apriltags/build/webots_apriltags/prefix_override:/home/jack/.local/lib/python3.10/site-packages/colcon_core/task/python/colcon_distutils_commands:/home/jack/f24_robotics_HW4/webots_apriltags/install/webots_apriltags/lib/python3.10/site-packages:${PYTHONPATH} /usr/bin/python3 -W ignore:setup.py install is deprecated setup.py egg_info --egg-base ../../build/webots_apriltags build --build-base /home/jack/f24_robotics_HW4/webots_apriltags/build/webots_apriltags/build install --record /home/jack/f24_robotics_HW4/webots_apriltags/build/webots_apriltags/install.log --single-version-externally-managed install_data
[5.075s] running egg_info
[5.077s] creating ../../build/webots_apriltags/webots_apriltags.egg-info
[5.078s] writing ../../build/webots_apriltags/webots_apriltags.egg-info/PKG-INFO
[5.079s] writing dependency_links to ../../build/webots_apriltags/webots_apriltags.egg-info/dependency_links.txt
[5.079s] writing entry points to ../../build/webots_apriltags/webots_apriltags.egg-info/entry_points.txt
[5.080s] writing requirements to ../../build/webots_apriltags/webots_apriltags.egg-info/requires.txt
[5.081s] writing top-level names to ../../build/webots_apriltags/webots_apriltags.egg-info/top_level.txt
[5.081s] writing manifest file '../../build/webots_apriltags/webots_apriltags.egg-info/SOURCES.txt'
[5.084s] reading manifest file '../../build/webots_apriltags/webots_apriltags.egg-info/SOURCES.txt'
[5.088s] writing manifest file '../../build/webots_apriltags/webots_apriltags.egg-info/SOURCES.txt'
[5.089s] running build
[5.089s] running install
[5.090s] running install_data
[5.091s] creating /home/jack/f24_robotics_HW4/webots_apriltags/install/webots_apriltags/share/ament_index
[5.091s] creating /home/jack/f24_robotics_HW4/webots_apriltags/install/webots_apriltags/share/ament_index/resource_index
[5.092s] creating /home/jack/f24_robotics_HW4/webots_apriltags/install/webots_apriltags/share/ament_index/resource_index/packages
[5.092s] copying resource/webots_apriltags -> /home/jack/f24_robotics_HW4/webots_apriltags/install/webots_apriltags/share/ament_index/resource_index/packages
[5.093s] creating /home/jack/f24_robotics_HW4/webots_apriltags/install/webots_apriltags/share/webots_apriltags/launch
[5.093s] copying launch/webots_apriltags.launch.py -> /home/jack/f24_robotics_HW4/webots_apriltags/install/webots_apriltags/share/webots_apriltags/launch
[5.094s] creating /home/jack/f24_robotics_HW4/webots_apriltags/install/webots_apriltags/share/webots_apriltags/worlds
[5.094s] copying worlds/turtlebot3_apriltags.wbt -> /home/jack/f24_robotics_HW4/webots_apriltags/install/webots_apriltags/share/webots_apriltags/worlds
[5.096s] copying package.xml -> /home/jack/f24_robotics_HW4/webots_apriltags/install/webots_apriltags/share/webots_apriltags
[5.097s] creating /home/jack/f24_robotics_HW4/webots_apriltags/install/webots_apriltags/share/webots_apriltags/resource
[5.097s] copying resource/turtlebot_webots.urdf -> /home/jack/f24_robotics_HW4/webots_apriltags/install/webots_apriltags/share/webots_apriltags/resource
[5.099s] copying resource/ros2control.yml -> /home/jack/f24_robotics_HW4/webots_apriltags/install/webots_apriltags/share/webots_apriltags/resource
[5.100s] creating /home/jack/f24_robotics_HW4/webots_apriltags/install/webots_apriltags/share/webots_apriltags/rviz
[5.101s] copying rviz/turtlebot3_apriltags.rviz -> /home/jack/f24_robotics_HW4/webots_apriltags/install/webots_apriltags/share/webots_apriltags/rviz
[5.102s] running install_egg_info
[5.117s] Copying ../../build/webots_apriltags/webots_apriltags.egg-info to /home/jack/f24_robotics_HW4/webots_apriltags/install/webots_apriltags/lib/python3.10/site-packages/webots_apriltags-0.0.0-py3.10.egg-info
[5.122s] running install_scripts
[5.201s] writing list of installed files to '/home/jack/f24_robotics_HW4/webots_apriltags/build/webots_apriltags/install.log'
[5.325s] Invoked command in '/home/jack/f24_robotics_HW4/webots_apriltags/src/webots_apriltags' returned '0': PYTHONPATH=/home/jack/f24_robotics_HW4/webots_apriltags/build/webots_apriltags/prefix_override:/home/jack/.local/lib/python3.10/site-packages/colcon_core/task/python/colcon_distutils_commands:/home/jack/f24_robotics_HW4/webots_apriltags/install/webots_apriltags/lib/python3.10/site-packages:${PYTHONPATH} /usr/bin/python3 -W ignore:setup.py install is deprecated setup.py egg_info --egg-base ../../build/webots_apriltags build --build-base /home/jack/f24_robotics_HW4/webots_apriltags/build/webots_apriltags/build install --record /home/jack/f24_robotics_HW4/webots_apriltags/build/webots_apriltags/install.log --single-version-externally-managed install_data
