[1.515s] DEBUG:colcon:Command line arguments: ['/home/jack/.local/bin/colcon', 'build']
[1.515s] DEBUG:colcon:Parsed command line arguments: Namespace(log_base=None, log_level=None, verb_name='build', build_base='build', install_base='install', merge_install=False, symlink_install=False, test_result_base=None, continue_on_error=False, executor='parallel', parallel_workers=4, event_handlers=None, ignore_user_meta=False, metas=['./colcon.meta'], base_paths=['.'], packages_ignore=None, packages_ignore_regex=None, paths=None, packages_up_to=None, packages_up_to_regex=None, packages_above=None, packages_above_and_dependencies=None, packages_above_depth=None, packages_select_by_dep=None, packages_skip_by_dep=None, packages_skip_up_to=None, packages_select_build_failed=False, packages_skip_build_finished=False, packages_select_test_failures=False, packages_skip_test_passed=False, packages_select=None, packages_skip=None, packages_select_regex=None, packages_skip_regex=None, packages_start=None, packages_end=None, allow_overriding=[], cmake_args=None, cmake_target=None, cmake_target_skip_unavailable=False, cmake_clean_cache=False, cmake_clean_first=False, cmake_force_configure=False, ament_cmake_args=None, catkin_cmake_args=None, catkin_skip_building_tests=False, mixin_files=None, mixin=None, verb_parser=<colcon_mixin.mixin.mixin_argument.MixinArgumentDecorator object at 0xffffa744e5c0>, verb_extension=<colcon_core.verb.build.BuildVerb object at 0xffffa744dff0>, main=<bound method BuildVerb.main of <colcon_core.verb.build.BuildVerb object at 0xffffa744dff0>>, mixin_verb=('build',))
[3.068s] Level 1:colcon.colcon_core.package_discovery:discover_packages(colcon_meta) check parameters
[3.069s] Level 1:colcon.colcon_core.package_discovery:discover_packages(recursive) check parameters
[3.069s] Level 1:colcon.colcon_core.package_discovery:discover_packages(ignore) check parameters
[3.069s] Level 1:colcon.colcon_core.package_discovery:discover_packages(path) check parameters
[3.069s] Level 1:colcon.colcon_core.package_discovery:discover_packages(colcon_meta) discover
[3.070s] Level 1:colcon.colcon_core.package_discovery:discover_packages(recursive) discover
[3.070s] INFO:colcon.colcon_core.package_discovery:Crawling recursively for packages in '/home/jack/f24_robotics_HW4/webots_apriltags'
[3.071s] Level 1:colcon.colcon_core.package_identification:_identify(.) by extensions ['ignore', 'ignore_ament_install']
[3.071s] Level 1:colcon.colcon_core.package_identification:_identify(.) by extension 'ignore'
[3.072s] Level 1:colcon.colcon_core.package_identification:_identify(.) by extension 'ignore_ament_install'
[3.072s] Level 1:colcon.colcon_core.package_identification:_identify(.) by extensions ['colcon_pkg']
[3.072s] Level 1:colcon.colcon_core.package_identification:_identify(.) by extension 'colcon_pkg'
[3.073s] Level 1:colcon.colcon_core.package_identification:_identify(.) by extensions ['colcon_meta']
[3.073s] Level 1:colcon.colcon_core.package_identification:_identify(.) by extension 'colcon_meta'
[3.073s] Level 1:colcon.colcon_core.package_identification:_identify(.) by extensions ['ros']
[3.073s] Level 1:colcon.colcon_core.package_identification:_identify(.) by extension 'ros'
[3.157s] Level 1:colcon.colcon_core.package_identification:_identify(.) by extensions ['cmake', 'python']
[3.158s] Level 1:colcon.colcon_core.package_identification:_identify(.) by extension 'cmake'
[3.158s] Level 1:colcon.colcon_core.package_identification:_identify(.) by extension 'python'
[3.158s] Level 1:colcon.colcon_core.package_identification:_identify(.) by extensions ['python_setup_py']
[3.158s] Level 1:colcon.colcon_core.package_identification:_identify(.) by extension 'python_setup_py'
[3.159s] Level 1:colcon.colcon_core.package_identification:_identify(build) by extensions ['ignore', 'ignore_ament_install']
[3.159s] Level 1:colcon.colcon_core.package_identification:_identify(build) by extension 'ignore'
[3.160s] Level 1:colcon.colcon_core.package_identification:_identify(build) ignored
[3.161s] Level 1:colcon.colcon_core.package_identification:_identify(install) by extensions ['ignore', 'ignore_ament_install']
[3.161s] Level 1:colcon.colcon_core.package_identification:_identify(install) by extension 'ignore'
[3.161s] Level 1:colcon.colcon_core.package_identification:_identify(install) ignored
[3.162s] Level 1:colcon.colcon_core.package_identification:_identify(log) by extensions ['ignore', 'ignore_ament_install']
[3.162s] Level 1:colcon.colcon_core.package_identification:_identify(log) by extension 'ignore'
[3.163s] Level 1:colcon.colcon_core.package_identification:_identify(log) ignored
[3.163s] Level 1:colcon.colcon_core.package_identification:_identify(src) by extensions ['ignore', 'ignore_ament_install']
[3.163s] Level 1:colcon.colcon_core.package_identification:_identify(src) by extension 'ignore'
[3.164s] Level 1:colcon.colcon_core.package_identification:_identify(src) by extension 'ignore_ament_install'
[3.164s] Level 1:colcon.colcon_core.package_identification:_identify(src) by extensions ['colcon_pkg']
[3.165s] Level 1:colcon.colcon_core.package_identification:_identify(src) by extension 'colcon_pkg'
[3.165s] Level 1:colcon.colcon_core.package_identification:_identify(src) by extensions ['colcon_meta']
[3.165s] Level 1:colcon.colcon_core.package_identification:_identify(src) by extension 'colcon_meta'
[3.165s] Level 1:colcon.colcon_core.package_identification:_identify(src) by extensions ['ros']
[3.166s] Level 1:colcon.colcon_core.package_identification:_identify(src) by extension 'ros'
[3.166s] Level 1:colcon.colcon_core.package_identification:_identify(src) by extensions ['cmake', 'python']
[3.166s] Level 1:colcon.colcon_core.package_identification:_identify(src) by extension 'cmake'
[3.166s] Level 1:colcon.colcon_core.package_identification:_identify(src) by extension 'python'
[3.167s] Level 1:colcon.colcon_core.package_identification:_identify(src) by extensions ['python_setup_py']
[3.167s] Level 1:colcon.colcon_core.package_identification:_identify(src) by extension 'python_setup_py'
[3.167s] Level 1:colcon.colcon_core.package_identification:_identify(src/webots_apriltags) by extensions ['ignore', 'ignore_ament_install']
[3.168s] Level 1:colcon.colcon_core.package_identification:_identify(src/webots_apriltags) by extension 'ignore'
[3.168s] Level 1:colcon.colcon_core.package_identification:_identify(src/webots_apriltags) by extension 'ignore_ament_install'
[3.169s] Level 1:colcon.colcon_core.package_identification:_identify(src/webots_apriltags) by extensions ['colcon_pkg']
[3.169s] Level 1:colcon.colcon_core.package_identification:_identify(src/webots_apriltags) by extension 'colcon_pkg'
[3.169s] Level 1:colcon.colcon_core.package_identification:_identify(src/webots_apriltags) by extensions ['colcon_meta']
[3.169s] Level 1:colcon.colcon_core.package_identification:_identify(src/webots_apriltags) by extension 'colcon_meta'
[3.169s] Level 1:colcon.colcon_core.package_identification:_identify(src/webots_apriltags) by extensions ['ros']
[3.170s] Level 1:colcon.colcon_core.package_identification:_identify(src/webots_apriltags) by extension 'ros'
[3.183s] DEBUG:colcon.colcon_core.package_identification:Package 'src/webots_apriltags' with type 'ros.ament_python' and name 'webots_apriltags'
[3.183s] Level 1:colcon.colcon_core.package_discovery:discover_packages(recursive) using defaults
[3.183s] Level 1:colcon.colcon_core.package_discovery:discover_packages(ignore) discover
[3.183s] Level 1:colcon.colcon_core.package_discovery:discover_packages(ignore) using defaults
[3.183s] Level 1:colcon.colcon_core.package_discovery:discover_packages(path) discover
[3.184s] Level 1:colcon.colcon_core.package_discovery:discover_packages(path) using defaults
[3.323s] Level 1:colcon.colcon_core.package_discovery:discover_packages(prefix_path) check parameters
[3.323s] Level 1:colcon.colcon_core.package_discovery:discover_packages(prefix_path) discover
[3.344s] DEBUG:colcon.colcon_installed_package_information.package_discovery:Found 9 installed packages in /home/jack/turtlebot3_ws/install
[3.354s] DEBUG:colcon.colcon_installed_package_information.package_discovery:Found 288 installed packages in /opt/ros/humble
[3.365s] Level 1:colcon.colcon_core.package_discovery:discover_packages(prefix_path) using defaults
[3.637s] Level 5:colcon.colcon_core.verb:set package 'webots_apriltags' build argument 'cmake_args' from command line to 'None'
[3.637s] Level 5:colcon.colcon_core.verb:set package 'webots_apriltags' build argument 'cmake_target' from command line to 'None'
[3.637s] Level 5:colcon.colcon_core.verb:set package 'webots_apriltags' build argument 'cmake_target_skip_unavailable' from command line to 'False'
[3.638s] Level 5:colcon.colcon_core.verb:set package 'webots_apriltags' build argument 'cmake_clean_cache' from command line to 'False'
[3.638s] Level 5:colcon.colcon_core.verb:set package 'webots_apriltags' build argument 'cmake_clean_first' from command line to 'False'
[3.638s] Level 5:colcon.colcon_core.verb:set package 'webots_apriltags' build argument 'cmake_force_configure' from command line to 'False'
[3.638s] Level 5:colcon.colcon_core.verb:set package 'webots_apriltags' build argument 'ament_cmake_args' from command line to 'None'
[3.638s] Level 5:colcon.colcon_core.verb:set package 'webots_apriltags' build argument 'catkin_cmake_args' from command line to 'None'
[3.638s] Level 5:colcon.colcon_core.verb:set package 'webots_apriltags' build argument 'catkin_skip_building_tests' from command line to 'False'
[3.638s] DEBUG:colcon.colcon_core.verb:Building package 'webots_apriltags' with the following arguments: {'ament_cmake_args': None, 'build_base': '/home/jack/f24_robotics_HW4/webots_apriltags/build/webots_apriltags', 'catkin_cmake_args': None, 'catkin_skip_building_tests': False, 'cmake_args': None, 'cmake_clean_cache': False, 'cmake_clean_first': False, 'cmake_force_configure': False, 'cmake_target': None, 'cmake_target_skip_unavailable': False, 'install_base': '/home/jack/f24_robotics_HW4/webots_apriltags/install/webots_apriltags', 'merge_install': False, 'path': '/home/jack/f24_robotics_HW4/webots_apriltags/src/webots_apriltags', 'symlink_install': False, 'test_result_base': None}
[3.639s] INFO:colcon.colcon_core.executor:Executing jobs using 'parallel' executor
[3.642s] DEBUG:colcon.colcon_parallel_executor.executor.parallel:run_until_complete
[3.643s] INFO:colcon.colcon_ros.task.ament_python.build:Building ROS package in '/home/jack/f24_robotics_HW4/webots_apriltags/src/webots_apriltags' with build type 'ament_python'
[3.643s] Level 1:colcon.colcon_core.shell:create_environment_hook('webots_apriltags', 'ament_prefix_path')
[3.665s] INFO:colcon.colcon_core.plugin_system:Skipping extension 'colcon_core.shell.bat': Not used on non-Windows systems
[3.666s] INFO:colcon.colcon_core.shell:Creating environment hook '/home/jack/f24_robotics_HW4/webots_apriltags/install/webots_apriltags/share/webots_apriltags/hook/ament_prefix_path.ps1'
[3.673s] INFO:colcon.colcon_core.shell:Creating environment descriptor '/home/jack/f24_robotics_HW4/webots_apriltags/install/webots_apriltags/share/webots_apriltags/hook/ament_prefix_path.dsv'
[3.677s] INFO:colcon.colcon_core.shell:Creating environment hook '/home/jack/f24_robotics_HW4/webots_apriltags/install/webots_apriltags/share/webots_apriltags/hook/ament_prefix_path.sh'
[3.683s] INFO:colcon.colcon_core.shell:Skip shell extension 'powershell' for command environment: Not usable outside of PowerShell
[3.683s] DEBUG:colcon.colcon_core.shell:Skip shell extension 'dsv' for command environment
[5.279s] INFO:colcon.colcon_core.task.python.build:Building Python package in '/home/jack/f24_robotics_HW4/webots_apriltags/src/webots_apriltags'
[5.280s] INFO:colcon.colcon_core.shell:Skip shell extension 'powershell' for command environment: Not usable outside of PowerShell
[5.280s] DEBUG:colcon.colcon_core.shell:Skip shell extension 'dsv' for command environment
[7.258s] DEBUG:colcon.colcon_core.event_handler.log_command:Invoking command in '/home/jack/f24_robotics_HW4/webots_apriltags/src/webots_apriltags': PYTHONPATH=/home/jack/f24_robotics_HW4/webots_apriltags/build/webots_apriltags/prefix_override:/home/jack/.local/lib/python3.10/site-packages/colcon_core/task/python/colcon_distutils_commands:/home/jack/f24_robotics_HW4/webots_apriltags/install/webots_apriltags/lib/python3.10/site-packages:${PYTHONPATH} /usr/bin/python3 -W ignore:setup.py install is deprecated setup.py egg_info --egg-base ../../build/webots_apriltags build --build-base /home/jack/f24_robotics_HW4/webots_apriltags/build/webots_apriltags/build install --record /home/jack/f24_robotics_HW4/webots_apriltags/build/webots_apriltags/install.log --single-version-externally-managed install_data
[8.971s] DEBUG:colcon.colcon_core.event_handler.log_command:Invoked command in '/home/jack/f24_robotics_HW4/webots_apriltags/src/webots_apriltags' returned '0': PYTHONPATH=/home/jack/f24_robotics_HW4/webots_apriltags/build/webots_apriltags/prefix_override:/home/jack/.local/lib/python3.10/site-packages/colcon_core/task/python/colcon_distutils_commands:/home/jack/f24_robotics_HW4/webots_apriltags/install/webots_apriltags/lib/python3.10/site-packages:${PYTHONPATH} /usr/bin/python3 -W ignore:setup.py install is deprecated setup.py egg_info --egg-base ../../build/webots_apriltags build --build-base /home/jack/f24_robotics_HW4/webots_apriltags/build/webots_apriltags/build install --record /home/jack/f24_robotics_HW4/webots_apriltags/build/webots_apriltags/install.log --single-version-externally-managed install_data
[9.004s] Level 1:colcon.colcon_core.environment:checking '/home/jack/f24_robotics_HW4/webots_apriltags/install/webots_apriltags' for CMake module files
[9.007s] Level 1:colcon.colcon_core.environment:checking '/home/jack/f24_robotics_HW4/webots_apriltags/install/webots_apriltags' for CMake config files
[9.013s] Level 1:colcon.colcon_core.environment:checking '/home/jack/f24_robotics_HW4/webots_apriltags/install/webots_apriltags/lib'
[9.015s] Level 1:colcon.colcon_core.environment:checking '/home/jack/f24_robotics_HW4/webots_apriltags/install/webots_apriltags/bin'
[9.015s] Level 1:colcon.colcon_core.environment:checking '/home/jack/f24_robotics_HW4/webots_apriltags/install/webots_apriltags/lib/pkgconfig/webots_apriltags.pc'
[9.017s] Level 1:colcon.colcon_core.environment:checking '/home/jack/f24_robotics_HW4/webots_apriltags/install/webots_apriltags/lib/python3.10/site-packages'
[9.018s] Level 1:colcon.colcon_core.shell:create_environment_hook('webots_apriltags', 'pythonpath')
[9.019s] INFO:colcon.colcon_core.shell:Creating environment hook '/home/jack/f24_robotics_HW4/webots_apriltags/install/webots_apriltags/share/webots_apriltags/hook/pythonpath.ps1'
[9.023s] INFO:colcon.colcon_core.shell:Creating environment descriptor '/home/jack/f24_robotics_HW4/webots_apriltags/install/webots_apriltags/share/webots_apriltags/hook/pythonpath.dsv'
[9.026s] INFO:colcon.colcon_core.shell:Creating environment hook '/home/jack/f24_robotics_HW4/webots_apriltags/install/webots_apriltags/share/webots_apriltags/hook/pythonpath.sh'
[9.030s] Level 1:colcon.colcon_core.environment:checking '/home/jack/f24_robotics_HW4/webots_apriltags/install/webots_apriltags/bin'
[9.031s] Level 1:colcon.colcon_core.environment:create_environment_scripts_only(webots_apriltags)
[9.033s] INFO:colcon.colcon_core.shell:Creating package script '/home/jack/f24_robotics_HW4/webots_apriltags/install/webots_apriltags/share/webots_apriltags/package.ps1'
[9.040s] INFO:colcon.colcon_core.shell:Creating package descriptor '/home/jack/f24_robotics_HW4/webots_apriltags/install/webots_apriltags/share/webots_apriltags/package.dsv'
[9.046s] INFO:colcon.colcon_core.shell:Creating package script '/home/jack/f24_robotics_HW4/webots_apriltags/install/webots_apriltags/share/webots_apriltags/package.sh'
[9.051s] INFO:colcon.colcon_core.shell:Creating package script '/home/jack/f24_robotics_HW4/webots_apriltags/install/webots_apriltags/share/webots_apriltags/package.bash'
[9.057s] INFO:colcon.colcon_core.shell:Creating package script '/home/jack/f24_robotics_HW4/webots_apriltags/install/webots_apriltags/share/webots_apriltags/package.zsh'
[9.063s] Level 1:colcon.colcon_core.environment:create_file_with_runtime_dependencies(/home/jack/f24_robotics_HW4/webots_apriltags/install/webots_apriltags/share/colcon-core/packages/webots_apriltags)
[9.064s] DEBUG:colcon.colcon_parallel_executor.executor.parallel:closing loop
[9.066s] DEBUG:colcon.colcon_parallel_executor.executor.parallel:loop closed
[9.066s] DEBUG:colcon.colcon_parallel_executor.executor.parallel:run_until_complete finished with '0'
[9.066s] DEBUG:colcon.colcon_core.event_reactor:joining thread
[9.095s] INFO:colcon.colcon_core.plugin_system:Skipping extension 'colcon_notification.desktop_notification.terminal_notifier': Not used on non-Darwin systems
[9.095s] INFO:colcon.colcon_core.plugin_system:Skipping extension 'colcon_notification.desktop_notification.win32': Not used on non-Windows systems
[9.096s] INFO:colcon.colcon_notification.desktop_notification:Sending desktop notification using 'notify2'
[9.101s] DEBUG:colcon.colcon_notification.desktop_notification.notify2:Failed to initialize notify2: org.freedesktop.DBus.Error.ServiceUnknown: The name org.freedesktop.Notifications was not provided by any .service files
[9.101s] DEBUG:colcon.colcon_core.event_reactor:joined thread
[9.102s] INFO:colcon.colcon_core.shell:Creating prefix script '/home/jack/f24_robotics_HW4/webots_apriltags/install/local_setup.ps1'
[9.110s] INFO:colcon.colcon_core.shell:Creating prefix util module '/home/jack/f24_robotics_HW4/webots_apriltags/install/_local_setup_util_ps1.py'
[9.123s] INFO:colcon.colcon_core.shell:Creating prefix chain script '/home/jack/f24_robotics_HW4/webots_apriltags/install/setup.ps1'
[9.134s] INFO:colcon.colcon_core.shell:Creating prefix script '/home/jack/f24_robotics_HW4/webots_apriltags/install/local_setup.sh'
[9.140s] INFO:colcon.colcon_core.shell:Creating prefix util module '/home/jack/f24_robotics_HW4/webots_apriltags/install/_local_setup_util_sh.py'
[9.145s] INFO:colcon.colcon_core.shell:Creating prefix chain script '/home/jack/f24_robotics_HW4/webots_apriltags/install/setup.sh'
[9.156s] INFO:colcon.colcon_core.shell:Creating prefix script '/home/jack/f24_robotics_HW4/webots_apriltags/install/local_setup.bash'
[9.161s] INFO:colcon.colcon_core.shell:Creating prefix chain script '/home/jack/f24_robotics_HW4/webots_apriltags/install/setup.bash'
[9.172s] INFO:colcon.colcon_core.shell:Creating prefix script '/home/jack/f24_robotics_HW4/webots_apriltags/install/local_setup.zsh'
[9.177s] INFO:colcon.colcon_core.shell:Creating prefix chain script '/home/jack/f24_robotics_HW4/webots_apriltags/install/setup.zsh'
