[6.366s] Invoking command in '/home/jack/f24_robotics_HW4/webots_ros2_homework1_python': PYTHONPATH=/home/jack/f24_robotics_HW4/webots_ros2_homework1_python/build/webots_ros2_homework1_python/prefix_override:/home/jack/.local/lib/python3.10/site-packages/colcon_core/task/python/colcon_distutils_commands:/home/jack/f24_robotics_HW4/webots_ros2_homework1_python/install/webots_ros2_homework1_python/lib/python3.10/site-packages:${PYTHONPATH} /usr/bin/python3 -W ignore:setup.py install is deprecated setup.py egg_info --egg-base build/webots_ros2_homework1_python build --build-base /home/jack/f24_robotics_HW4/webots_ros2_homework1_python/build/webots_ros2_homework1_python/build install --record /home/jack/f24_robotics_HW4/webots_ros2_homework1_python/build/webots_ros2_homework1_python/install.log --single-version-externally-managed install_data
[8.835s] running egg_info
[8.840s] creating build/webots_ros2_homework1_python/webots_ros2_homework1_python.egg-info
[8.843s] writing build/webots_ros2_homework1_python/webots_ros2_homework1_python.egg-info/PKG-INFO
[8.848s] writing dependency_links to build/webots_ros2_homework1_python/webots_ros2_homework1_python.egg-info/dependency_links.txt
[8.850s] writing entry points to build/webots_ros2_homework1_python/webots_ros2_homework1_python.egg-info/entry_points.txt
[8.859s] writing requirements to build/webots_ros2_homework1_python/webots_ros2_homework1_python.egg-info/requires.txt
[8.865s] writing top-level names to build/webots_ros2_homework1_python/webots_ros2_homework1_python.egg-info/top_level.txt
[8.866s] writing manifest file 'build/webots_ros2_homework1_python/webots_ros2_homework1_python.egg-info/SOURCES.txt'
[8.885s] reading manifest file 'build/webots_ros2_homework1_python/webots_ros2_homework1_python.egg-info/SOURCES.txt'
[8.887s] writing manifest file 'build/webots_ros2_homework1_python/webots_ros2_homework1_python.egg-info/SOURCES.txt'
[8.901s] running build
[8.902s] running build_py
[8.903s] creating /home/jack/f24_robotics_HW4/webots_ros2_homework1_python/build/webots_ros2_homework1_python/build
[8.905s] creating /home/jack/f24_robotics_HW4/webots_ros2_homework1_python/build/webots_ros2_homework1_python/build/lib
[8.908s] creating /home/jack/f24_robotics_HW4/webots_ros2_homework1_python/build/webots_ros2_homework1_python/build/lib/webots_ros2_homework1_python
[8.909s] copying webots_ros2_homework1_python/__init__.py -> /home/jack/f24_robotics_HW4/webots_ros2_homework1_python/build/webots_ros2_homework1_python/build/lib/webots_ros2_homework1_python
[8.910s] copying webots_ros2_homework1_python/webots_ros2_homework1_python.py -> /home/jack/f24_robotics_HW4/webots_ros2_homework1_python/build/webots_ros2_homework1_python/build/lib/webots_ros2_homework1_python
[8.911s] running install
[8.911s] running install_lib
[8.921s] creating /home/jack/f24_robotics_HW4/webots_ros2_homework1_python/install/webots_ros2_homework1_python/lib/python3.10/site-packages/webots_ros2_homework1_python
[8.922s] copying /home/jack/f24_robotics_HW4/webots_ros2_homework1_python/build/webots_ros2_homework1_python/build/lib/webots_ros2_homework1_python/__init__.py -> /home/jack/f24_robotics_HW4/webots_ros2_homework1_python/install/webots_ros2_homework1_python/lib/python3.10/site-packages/webots_ros2_homework1_python
[8.922s] copying /home/jack/f24_robotics_HW4/webots_ros2_homework1_python/build/webots_ros2_homework1_python/build/lib/webots_ros2_homework1_python/webots_ros2_homework1_python.py -> /home/jack/f24_robotics_HW4/webots_ros2_homework1_python/install/webots_ros2_homework1_python/lib/python3.10/site-packages/webots_ros2_homework1_python
[8.930s] byte-compiling /home/jack/f24_robotics_HW4/webots_ros2_homework1_python/install/webots_ros2_homework1_python/lib/python3.10/site-packages/webots_ros2_homework1_python/__init__.py to __init__.cpython-310.pyc
[8.933s] byte-compiling /home/jack/f24_robotics_HW4/webots_ros2_homework1_python/install/webots_ros2_homework1_python/lib/python3.10/site-packages/webots_ros2_homework1_python/webots_ros2_homework1_python.py to webots_ros2_homework1_python.cpython-310.pyc
[8.954s] running install_data
[8.955s] creating /home/jack/f24_robotics_HW4/webots_ros2_homework1_python/install/webots_ros2_homework1_python/share/ament_index
[8.958s] creating /home/jack/f24_robotics_HW4/webots_ros2_homework1_python/install/webots_ros2_homework1_python/share/ament_index/resource_index
[8.961s] creating /home/jack/f24_robotics_HW4/webots_ros2_homework1_python/install/webots_ros2_homework1_python/share/ament_index/resource_index/packages
[8.963s] copying resource/webots_ros2_homework1_python -> /home/jack/f24_robotics_HW4/webots_ros2_homework1_python/install/webots_ros2_homework1_python/share/ament_index/resource_index/packages
[8.966s] creating /home/jack/f24_robotics_HW4/webots_ros2_homework1_python/install/webots_ros2_homework1_python/share/webots_ros2_homework1_python/launch
[8.977s] copying launch/f23_robotics_1_launch.py -> /home/jack/f24_robotics_HW4/webots_ros2_homework1_python/install/webots_ros2_homework1_python/share/webots_ros2_homework1_python/launch
[8.985s] creating /home/jack/f24_robotics_HW4/webots_ros2_homework1_python/install/webots_ros2_homework1_python/share/webots_ros2_homework1_python/worlds
[8.986s] copying worlds/f23_robotics_1.wbt -> /home/jack/f24_robotics_HW4/webots_ros2_homework1_python/install/webots_ros2_homework1_python/share/webots_ros2_homework1_python/worlds
[8.987s] copying package.xml -> /home/jack/f24_robotics_HW4/webots_ros2_homework1_python/install/webots_ros2_homework1_python/share/webots_ros2_homework1_python
[8.987s] creating /home/jack/f24_robotics_HW4/webots_ros2_homework1_python/install/webots_ros2_homework1_python/share/webots_ros2_homework1_python/resource
[8.988s] copying resource/turtlebot_webots.urdf -> /home/jack/f24_robotics_HW4/webots_ros2_homework1_python/install/webots_ros2_homework1_python/share/webots_ros2_homework1_python/resource
[8.989s] copying resource/ros2control.yml -> /home/jack/f24_robotics_HW4/webots_ros2_homework1_python/install/webots_ros2_homework1_python/share/webots_ros2_homework1_python/resource
[8.989s] running install_egg_info
[9.009s] Copying build/webots_ros2_homework1_python/webots_ros2_homework1_python.egg-info to /home/jack/f24_robotics_HW4/webots_ros2_homework1_python/install/webots_ros2_homework1_python/lib/python3.10/site-packages/webots_ros2_homework1_python-0.0.0-py3.10.egg-info
[9.052s] running install_scripts
[9.263s] Installing webots_ros2_homework1_python script to /home/jack/f24_robotics_HW4/webots_ros2_homework1_python/install/webots_ros2_homework1_python/lib/webots_ros2_homework1_python
[9.266s] writing list of installed files to '/home/jack/f24_robotics_HW4/webots_ros2_homework1_python/build/webots_ros2_homework1_python/install.log'
[9.514s] Invoked command in '/home/jack/f24_robotics_HW4/webots_ros2_homework1_python' returned '0': PYTHONPATH=/home/jack/f24_robotics_HW4/webots_ros2_homework1_python/build/webots_ros2_homework1_python/prefix_override:/home/jack/.local/lib/python3.10/site-packages/colcon_core/task/python/colcon_distutils_commands:/home/jack/f24_robotics_HW4/webots_ros2_homework1_python/install/webots_ros2_homework1_python/lib/python3.10/site-packages:${PYTHONPATH} /usr/bin/python3 -W ignore:setup.py install is deprecated setup.py egg_info --egg-base build/webots_ros2_homework1_python build --build-base /home/jack/f24_robotics_HW4/webots_ros2_homework1_python/build/webots_ros2_homework1_python/build install --record /home/jack/f24_robotics_HW4/webots_ros2_homework1_python/build/webots_ros2_homework1_python/install.log --single-version-externally-managed install_data
