[1.276s] DEBUG:colcon:Command line arguments: ['/home/jack/.local/bin/colcon', 'build']
[1.278s] DEBUG:colcon:Parsed command line arguments: Namespace(log_base=None, log_level=None, verb_name='build', build_base='build', install_base='install', merge_install=False, symlink_install=False, test_result_base=None, continue_on_error=False, executor='parallel', parallel_workers=4, event_handlers=None, ignore_user_meta=False, metas=['./colcon.meta'], base_paths=['.'], packages_ignore=None, packages_ignore_regex=None, paths=None, packages_up_to=None, packages_up_to_regex=None, packages_above=None, packages_above_and_dependencies=None, packages_above_depth=None, packages_select_by_dep=None, packages_skip_by_dep=None, packages_skip_up_to=None, packages_select_build_failed=False, packages_skip_build_finished=False, packages_select_test_failures=False, packages_skip_test_passed=False, packages_select=None, packages_skip=None, packages_select_regex=None, packages_skip_regex=None, packages_start=None, packages_end=None, allow_overriding=[], cmake_args=None, cmake_target=None, cmake_target_skip_unavailable=False, cmake_clean_cache=False, cmake_clean_first=False, cmake_force_configure=False, ament_cmake_args=None, catkin_cmake_args=None, catkin_skip_building_tests=False, mixin_files=None, mixin=None, verb_parser=<colcon_mixin.mixin.mixin_argument.MixinArgumentDecorator object at 0xffff9bc7a800>, verb_extension=<colcon_core.verb.build.BuildVerb object at 0xffff9bc7a230>, main=<bound method BuildVerb.main of <colcon_core.verb.build.BuildVerb object at 0xffff9bc7a230>>, mixin_verb=('build',))
[3.173s] Level 1:colcon.colcon_core.package_discovery:discover_packages(colcon_meta) check parameters
[3.174s] Level 1:colcon.colcon_core.package_discovery:discover_packages(recursive) check parameters
[3.175s] Level 1:colcon.colcon_core.package_discovery:discover_packages(ignore) check parameters
[3.175s] Level 1:colcon.colcon_core.package_discovery:discover_packages(path) check parameters
[3.176s] Level 1:colcon.colcon_core.package_discovery:discover_packages(colcon_meta) discover
[3.176s] Level 1:colcon.colcon_core.package_discovery:discover_packages(recursive) discover
[3.176s] INFO:colcon.colcon_core.package_discovery:Crawling recursively for packages in '/home/jack/f24_robotics_HW4/webots_ros2_homework1_python'
[3.177s] Level 1:colcon.colcon_core.package_identification:_identify(.) by extensions ['ignore', 'ignore_ament_install']
[3.178s] Level 1:colcon.colcon_core.package_identification:_identify(.) by extension 'ignore'
[3.178s] Level 1:colcon.colcon_core.package_identification:_identify(.) by extension 'ignore_ament_install'
[3.178s] Level 1:colcon.colcon_core.package_identification:_identify(.) by extensions ['colcon_pkg']
[3.178s] Level 1:colcon.colcon_core.package_identification:_identify(.) by extension 'colcon_pkg'
[3.179s] Level 1:colcon.colcon_core.package_identification:_identify(.) by extensions ['colcon_meta']
[3.179s] Level 1:colcon.colcon_core.package_identification:_identify(.) by extension 'colcon_meta'
[3.179s] Level 1:colcon.colcon_core.package_identification:_identify(.) by extensions ['ros']
[3.179s] Level 1:colcon.colcon_core.package_identification:_identify(.) by extension 'ros'
[3.262s] DEBUG:colcon.colcon_core.package_identification:Package '.' with type 'ros.ament_python' and name 'webots_ros2_homework1_python'
[3.263s] Level 1:colcon.colcon_core.package_discovery:discover_packages(recursive) using defaults
[3.263s] Level 1:colcon.colcon_core.package_discovery:discover_packages(ignore) discover
[3.264s] Level 1:colcon.colcon_core.package_discovery:discover_packages(ignore) using defaults
[3.264s] Level 1:colcon.colcon_core.package_discovery:discover_packages(path) discover
[3.264s] Level 1:colcon.colcon_core.package_discovery:discover_packages(path) using defaults
[3.382s] Level 1:colcon.colcon_core.package_discovery:discover_packages(prefix_path) check parameters
[3.382s] Level 1:colcon.colcon_core.package_discovery:discover_packages(prefix_path) discover
[3.387s] WARNING:colcon.colcon_ros.prefix_path.ament:The path '/home/jack/f24_robotics_HW4/webots_ros2_homework1_python/install/webots_ros2_homework1_python' in the environment variable AMENT_PREFIX_PATH doesn't exist
[3.393s] DEBUG:colcon.colcon_installed_package_information.package_discovery:Found 0 installed packages in /home/jack/f24_robotics_HW4/webots_ros2_homework1_python/install
[3.398s] DEBUG:colcon.colcon_installed_package_information.package_discovery:Found 9 installed packages in /home/jack/turtlebot3_ws/install
[3.410s] DEBUG:colcon.colcon_installed_package_information.package_discovery:Found 288 installed packages in /opt/ros/humble
[3.498s] Level 1:colcon.colcon_core.package_discovery:discover_packages(prefix_path) using defaults
[3.934s] Level 5:colcon.colcon_core.verb:set package 'webots_ros2_homework1_python' build argument 'cmake_args' from command line to 'None'
[3.935s] Level 5:colcon.colcon_core.verb:set package 'webots_ros2_homework1_python' build argument 'cmake_target' from command line to 'None'
[3.935s] Level 5:colcon.colcon_core.verb:set package 'webots_ros2_homework1_python' build argument 'cmake_target_skip_unavailable' from command line to 'False'
[3.936s] Level 5:colcon.colcon_core.verb:set package 'webots_ros2_homework1_python' build argument 'cmake_clean_cache' from command line to 'False'
[3.936s] Level 5:colcon.colcon_core.verb:set package 'webots_ros2_homework1_python' build argument 'cmake_clean_first' from command line to 'False'
[3.936s] Level 5:colcon.colcon_core.verb:set package 'webots_ros2_homework1_python' build argument 'cmake_force_configure' from command line to 'False'
[3.936s] Level 5:colcon.colcon_core.verb:set package 'webots_ros2_homework1_python' build argument 'ament_cmake_args' from command line to 'None'
[3.937s] Level 5:colcon.colcon_core.verb:set package 'webots_ros2_homework1_python' build argument 'catkin_cmake_args' from command line to 'None'
[3.937s] Level 5:colcon.colcon_core.verb:set package 'webots_ros2_homework1_python' build argument 'catkin_skip_building_tests' from command line to 'False'
[3.938s] DEBUG:colcon.colcon_core.verb:Building package 'webots_ros2_homework1_python' with the following arguments: {'ament_cmake_args': None, 'build_base': '/home/jack/f24_robotics_HW4/webots_ros2_homework1_python/build/webots_ros2_homework1_python', 'catkin_cmake_args': None, 'catkin_skip_building_tests': False, 'cmake_args': None, 'cmake_clean_cache': False, 'cmake_clean_first': False, 'cmake_force_configure': False, 'cmake_target': None, 'cmake_target_skip_unavailable': False, 'install_base': '/home/jack/f24_robotics_HW4/webots_ros2_homework1_python/install/webots_ros2_homework1_python', 'merge_install': False, 'path': '/home/jack/f24_robotics_HW4/webots_ros2_homework1_python', 'symlink_install': False, 'test_result_base': None}
[3.939s] INFO:colcon.colcon_core.executor:Executing jobs using 'parallel' executor
[3.945s] DEBUG:colcon.colcon_parallel_executor.executor.parallel:run_until_complete
[3.947s] INFO:colcon.colcon_ros.task.ament_python.build:Building ROS package in '/home/jack/f24_robotics_HW4/webots_ros2_homework1_python' with build type 'ament_python'
[3.949s] Level 1:colcon.colcon_core.shell:create_environment_hook('webots_ros2_homework1_python', 'ament_prefix_path')
[3.971s] INFO:colcon.colcon_core.plugin_system:Skipping extension 'colcon_core.shell.bat': Not used on non-Windows systems
[3.972s] INFO:colcon.colcon_core.shell:Creating environment hook '/home/jack/f24_robotics_HW4/webots_ros2_homework1_python/install/webots_ros2_homework1_python/share/webots_ros2_homework1_python/hook/ament_prefix_path.ps1'
[3.982s] INFO:colcon.colcon_core.shell:Creating environment descriptor '/home/jack/f24_robotics_HW4/webots_ros2_homework1_python/install/webots_ros2_homework1_python/share/webots_ros2_homework1_python/hook/ament_prefix_path.dsv'
[3.989s] INFO:colcon.colcon_core.shell:Creating environment hook '/home/jack/f24_robotics_HW4/webots_ros2_homework1_python/install/webots_ros2_homework1_python/share/webots_ros2_homework1_python/hook/ament_prefix_path.sh'
[4.000s] INFO:colcon.colcon_core.shell:Skip shell extension 'powershell' for command environment: Not usable outside of PowerShell
[4.000s] DEBUG:colcon.colcon_core.shell:Skip shell extension 'dsv' for command environment
[6.950s] INFO:colcon.colcon_core.task.python.build:Building Python package in '/home/jack/f24_robotics_HW4/webots_ros2_homework1_python'
[6.953s] INFO:colcon.colcon_core.shell:Skip shell extension 'powershell' for command environment: Not usable outside of PowerShell
[6.954s] DEBUG:colcon.colcon_core.shell:Skip shell extension 'dsv' for command environment
[10.322s] DEBUG:colcon.colcon_core.event_handler.log_command:Invoking command in '/home/jack/f24_robotics_HW4/webots_ros2_homework1_python': PYTHONPATH=/home/jack/f24_robotics_HW4/webots_ros2_homework1_python/build/webots_ros2_homework1_python/prefix_override:/home/jack/.local/lib/python3.10/site-packages/colcon_core/task/python/colcon_distutils_commands:/home/jack/f24_robotics_HW4/webots_ros2_homework1_python/install/webots_ros2_homework1_python/lib/python3.10/site-packages:${PYTHONPATH} /usr/bin/python3 -W ignore:setup.py install is deprecated setup.py egg_info --egg-base build/webots_ros2_homework1_python build --build-base /home/jack/f24_robotics_HW4/webots_ros2_homework1_python/build/webots_ros2_homework1_python/build install --record /home/jack/f24_robotics_HW4/webots_ros2_homework1_python/build/webots_ros2_homework1_python/install.log --single-version-externally-managed install_data
[13.469s] DEBUG:colcon.colcon_core.event_handler.log_command:Invoked command in '/home/jack/f24_robotics_HW4/webots_ros2_homework1_python' returned '0': PYTHONPATH=/home/jack/f24_robotics_HW4/webots_ros2_homework1_python/build/webots_ros2_homework1_python/prefix_override:/home/jack/.local/lib/python3.10/site-packages/colcon_core/task/python/colcon_distutils_commands:/home/jack/f24_robotics_HW4/webots_ros2_homework1_python/install/webots_ros2_homework1_python/lib/python3.10/site-packages:${PYTHONPATH} /usr/bin/python3 -W ignore:setup.py install is deprecated setup.py egg_info --egg-base build/webots_ros2_homework1_python build --build-base /home/jack/f24_robotics_HW4/webots_ros2_homework1_python/build/webots_ros2_homework1_python/build install --record /home/jack/f24_robotics_HW4/webots_ros2_homework1_python/build/webots_ros2_homework1_python/install.log --single-version-externally-managed install_data
[13.485s] Level 1:colcon.colcon_core.environment:checking '/home/jack/f24_robotics_HW4/webots_ros2_homework1_python/install/webots_ros2_homework1_python' for CMake module files
[13.489s] Level 1:colcon.colcon_core.environment:checking '/home/jack/f24_robotics_HW4/webots_ros2_homework1_python/install/webots_ros2_homework1_python' for CMake config files
[13.506s] Level 1:colcon.colcon_core.environment:checking '/home/jack/f24_robotics_HW4/webots_ros2_homework1_python/install/webots_ros2_homework1_python/lib'
[13.508s] Level 1:colcon.colcon_core.environment:checking '/home/jack/f24_robotics_HW4/webots_ros2_homework1_python/install/webots_ros2_homework1_python/bin'
[13.509s] Level 1:colcon.colcon_core.environment:checking '/home/jack/f24_robotics_HW4/webots_ros2_homework1_python/install/webots_ros2_homework1_python/lib/pkgconfig/webots_ros2_homework1_python.pc'
[13.512s] Level 1:colcon.colcon_core.environment:checking '/home/jack/f24_robotics_HW4/webots_ros2_homework1_python/install/webots_ros2_homework1_python/lib/python3.10/site-packages'
[13.512s] Level 1:colcon.colcon_core.shell:create_environment_hook('webots_ros2_homework1_python', 'pythonpath')
[13.514s] INFO:colcon.colcon_core.shell:Creating environment hook '/home/jack/f24_robotics_HW4/webots_ros2_homework1_python/install/webots_ros2_homework1_python/share/webots_ros2_homework1_python/hook/pythonpath.ps1'
[13.519s] INFO:colcon.colcon_core.shell:Creating environment descriptor '/home/jack/f24_robotics_HW4/webots_ros2_homework1_python/install/webots_ros2_homework1_python/share/webots_ros2_homework1_python/hook/pythonpath.dsv'
[13.527s] INFO:colcon.colcon_core.shell:Creating environment hook '/home/jack/f24_robotics_HW4/webots_ros2_homework1_python/install/webots_ros2_homework1_python/share/webots_ros2_homework1_python/hook/pythonpath.sh'
[13.538s] Level 1:colcon.colcon_core.environment:checking '/home/jack/f24_robotics_HW4/webots_ros2_homework1_python/install/webots_ros2_homework1_python/bin'
[13.539s] Level 1:colcon.colcon_core.environment:create_environment_scripts_only(webots_ros2_homework1_python)
[13.542s] INFO:colcon.colcon_core.shell:Creating package script '/home/jack/f24_robotics_HW4/webots_ros2_homework1_python/install/webots_ros2_homework1_python/share/webots_ros2_homework1_python/package.ps1'
[13.553s] INFO:colcon.colcon_core.shell:Creating package descriptor '/home/jack/f24_robotics_HW4/webots_ros2_homework1_python/install/webots_ros2_homework1_python/share/webots_ros2_homework1_python/package.dsv'
[13.558s] INFO:colcon.colcon_core.shell:Creating package script '/home/jack/f24_robotics_HW4/webots_ros2_homework1_python/install/webots_ros2_homework1_python/share/webots_ros2_homework1_python/package.sh'
[13.574s] INFO:colcon.colcon_core.shell:Creating package script '/home/jack/f24_robotics_HW4/webots_ros2_homework1_python/install/webots_ros2_homework1_python/share/webots_ros2_homework1_python/package.bash'
[13.582s] INFO:colcon.colcon_core.shell:Creating package script '/home/jack/f24_robotics_HW4/webots_ros2_homework1_python/install/webots_ros2_homework1_python/share/webots_ros2_homework1_python/package.zsh'
[13.587s] Level 1:colcon.colcon_core.environment:create_file_with_runtime_dependencies(/home/jack/f24_robotics_HW4/webots_ros2_homework1_python/install/webots_ros2_homework1_python/share/colcon-core/packages/webots_ros2_homework1_python)
[13.589s] DEBUG:colcon.colcon_parallel_executor.executor.parallel:closing loop
[13.591s] DEBUG:colcon.colcon_parallel_executor.executor.parallel:loop closed
[13.591s] DEBUG:colcon.colcon_parallel_executor.executor.parallel:run_until_complete finished with '0'
[13.592s] DEBUG:colcon.colcon_core.event_reactor:joining thread
[13.631s] INFO:colcon.colcon_core.plugin_system:Skipping extension 'colcon_notification.desktop_notification.terminal_notifier': Not used on non-Darwin systems
[13.632s] INFO:colcon.colcon_core.plugin_system:Skipping extension 'colcon_notification.desktop_notification.win32': Not used on non-Windows systems
[13.632s] INFO:colcon.colcon_notification.desktop_notification:Sending desktop notification using 'notify2'
[13.640s] DEBUG:colcon.colcon_notification.desktop_notification.notify2:Failed to initialize notify2: org.freedesktop.DBus.Error.ServiceUnknown: The name org.freedesktop.Notifications was not provided by any .service files
[13.641s] DEBUG:colcon.colcon_core.event_reactor:joined thread
[13.643s] INFO:colcon.colcon_core.shell:Creating prefix script '/home/jack/f24_robotics_HW4/webots_ros2_homework1_python/install/local_setup.ps1'
[13.652s] INFO:colcon.colcon_core.shell:Creating prefix util module '/home/jack/f24_robotics_HW4/webots_ros2_homework1_python/install/_local_setup_util_ps1.py'
[13.666s] INFO:colcon.colcon_core.shell:Creating prefix chain script '/home/jack/f24_robotics_HW4/webots_ros2_homework1_python/install/setup.ps1'
[13.682s] INFO:colcon.colcon_core.shell:Creating prefix script '/home/jack/f24_robotics_HW4/webots_ros2_homework1_python/install/local_setup.sh'
[13.687s] INFO:colcon.colcon_core.shell:Creating prefix util module '/home/jack/f24_robotics_HW4/webots_ros2_homework1_python/install/_local_setup_util_sh.py'
[13.692s] INFO:colcon.colcon_core.shell:Creating prefix chain script '/home/jack/f24_robotics_HW4/webots_ros2_homework1_python/install/setup.sh'
[13.709s] INFO:colcon.colcon_core.shell:Creating prefix script '/home/jack/f24_robotics_HW4/webots_ros2_homework1_python/install/local_setup.bash'
[13.713s] INFO:colcon.colcon_core.shell:Creating prefix chain script '/home/jack/f24_robotics_HW4/webots_ros2_homework1_python/install/setup.bash'
[13.723s] INFO:colcon.colcon_core.shell:Creating prefix script '/home/jack/f24_robotics_HW4/webots_ros2_homework1_python/install/local_setup.zsh'
[13.727s] INFO:colcon.colcon_core.shell:Creating prefix chain script '/home/jack/f24_robotics_HW4/webots_ros2_homework1_python/install/setup.zsh'
