[4.938s] Invoking command in '/home/jack/f24_robotics_HW4/webots_ros2_homework1_python': PYTHONPATH=/home/jack/f24_robotics_HW4/webots_ros2_homework1_python/build/webots_ros2_homework1_python/prefix_override:/home/jack/.local/lib/python3.10/site-packages/colcon_core/task/python/colcon_distutils_commands:/home/jack/f24_robotics_HW4/webots_ros2_homework1_python/install/webots_ros2_homework1_python/lib/python3.10/site-packages:${PYTHONPATH} /usr/bin/python3 -W ignore:setup.py install is deprecated setup.py egg_info --egg-base build/webots_ros2_homework1_python build --build-base /home/jack/f24_robotics_HW4/webots_ros2_homework1_python/build/webots_ros2_homework1_python/build install --record /home/jack/f24_robotics_HW4/webots_ros2_homework1_python/build/webots_ros2_homework1_python/install.log --single-version-externally-managed install_data
[7.089s] running egg_info
[7.098s] writing build/webots_ros2_homework1_python/webots_ros2_homework1_python.egg-info/PKG-INFO
[7.101s] writing dependency_links to build/webots_ros2_homework1_python/webots_ros2_homework1_python.egg-info/dependency_links.txt
[7.104s] writing entry points to build/webots_ros2_homework1_python/webots_ros2_homework1_python.egg-info/entry_points.txt
[7.108s] writing requirements to build/webots_ros2_homework1_python/webots_ros2_homework1_python.egg-info/requires.txt
[7.109s] writing top-level names to build/webots_ros2_homework1_python/webots_ros2_homework1_python.egg-info/top_level.txt
[7.131s] reading manifest file 'build/webots_ros2_homework1_python/webots_ros2_homework1_python.egg-info/SOURCES.txt'
[7.138s] writing manifest file 'build/webots_ros2_homework1_python/webots_ros2_homework1_python.egg-info/SOURCES.txt'
[7.139s] running build
[7.140s] running build_py
[7.141s] copying webots_ros2_homework1_python/webots_ros2_homework1_python.py -> /home/jack/f24_robotics_HW4/webots_ros2_homework1_python/build/webots_ros2_homework1_python/build/lib/webots_ros2_homework1_python
[7.143s] running install
[7.147s] running install_lib
[7.152s] copying /home/jack/f24_robotics_HW4/webots_ros2_homework1_python/build/webots_ros2_homework1_python/build/lib/webots_ros2_homework1_python/webots_ros2_homework1_python.py -> /home/jack/f24_robotics_HW4/webots_ros2_homework1_python/install/webots_ros2_homework1_python/lib/python3.10/site-packages/webots_ros2_homework1_python
[7.157s] byte-compiling /home/jack/f24_robotics_HW4/webots_ros2_homework1_python/install/webots_ros2_homework1_python/lib/python3.10/site-packages/webots_ros2_homework1_python/webots_ros2_homework1_python.py to webots_ros2_homework1_python.cpython-310.pyc
[7.167s] running install_data
[7.169s] running install_egg_info
[7.182s] removing '/home/jack/f24_robotics_HW4/webots_ros2_homework1_python/install/webots_ros2_homework1_python/lib/python3.10/site-packages/webots_ros2_homework1_python-0.0.0-py3.10.egg-info' (and everything under it)
[7.183s] Copying build/webots_ros2_homework1_python/webots_ros2_homework1_python.egg-info to /home/jack/f24_robotics_HW4/webots_ros2_homework1_python/install/webots_ros2_homework1_python/lib/python3.10/site-packages/webots_ros2_homework1_python-0.0.0-py3.10.egg-info
[7.192s] running install_scripts
[7.312s] Installing webots_ros2_homework1_python script to /home/jack/f24_robotics_HW4/webots_ros2_homework1_python/install/webots_ros2_homework1_python/lib/webots_ros2_homework1_python
[7.314s] writing list of installed files to '/home/jack/f24_robotics_HW4/webots_ros2_homework1_python/build/webots_ros2_homework1_python/install.log'
[7.532s] Invoked command in '/home/jack/f24_robotics_HW4/webots_ros2_homework1_python' returned '0': PYTHONPATH=/home/jack/f24_robotics_HW4/webots_ros2_homework1_python/build/webots_ros2_homework1_python/prefix_override:/home/jack/.local/lib/python3.10/site-packages/colcon_core/task/python/colcon_distutils_commands:/home/jack/f24_robotics_HW4/webots_ros2_homework1_python/install/webots_ros2_homework1_python/lib/python3.10/site-packages:${PYTHONPATH} /usr/bin/python3 -W ignore:setup.py install is deprecated setup.py egg_info --egg-base build/webots_ros2_homework1_python build --build-base /home/jack/f24_robotics_HW4/webots_ros2_homework1_python/build/webots_ros2_homework1_python/build install --record /home/jack/f24_robotics_HW4/webots_ros2_homework1_python/build/webots_ros2_homework1_python/install.log --single-version-externally-managed install_data
