[1.081s] DEBUG:colcon:Command line arguments: ['/home/jack/.local/bin/colcon', 'build']
[1.082s] DEBUG:colcon:Parsed command line arguments: Namespace(log_base=None, log_level=None, verb_name='build', build_base='build', install_base='install', merge_install=False, symlink_install=False, test_result_base=None, continue_on_error=False, executor='parallel', parallel_workers=4, event_handlers=None, ignore_user_meta=False, metas=['./colcon.meta'], base_paths=['.'], packages_ignore=None, packages_ignore_regex=None, paths=None, packages_up_to=None, packages_up_to_regex=None, packages_above=None, packages_above_and_dependencies=None, packages_above_depth=None, packages_select_by_dep=None, packages_skip_by_dep=None, packages_skip_up_to=None, packages_select_build_failed=False, packages_skip_build_finished=False, packages_select_test_failures=False, packages_skip_test_passed=False, packages_select=None, packages_skip=None, packages_select_regex=None, packages_skip_regex=None, packages_start=None, packages_end=None, allow_overriding=[], cmake_args=None, cmake_target=None, cmake_target_skip_unavailable=False, cmake_clean_cache=False, cmake_clean_first=False, cmake_force_configure=False, ament_cmake_args=None, catkin_cmake_args=None, catkin_skip_building_tests=False, mixin_files=None, mixin=None, verb_parser=<colcon_mixin.mixin.mixin_argument.MixinArgumentDecorator object at 0xffff8258aec0>, verb_extension=<colcon_core.verb.build.BuildVerb object at 0xffff8258a8f0>, main=<bound method BuildVerb.main of <colcon_core.verb.build.BuildVerb object at 0xffff8258a8f0>>, mixin_verb=('build',))
[2.733s] Level 1:colcon.colcon_core.package_discovery:discover_packages(colcon_meta) check parameters
[2.734s] Level 1:colcon.colcon_core.package_discovery:discover_packages(recursive) check parameters
[2.734s] Level 1:colcon.colcon_core.package_discovery:discover_packages(ignore) check parameters
[2.735s] Level 1:colcon.colcon_core.package_discovery:discover_packages(path) check parameters
[2.735s] Level 1:colcon.colcon_core.package_discovery:discover_packages(colcon_meta) discover
[2.735s] Level 1:colcon.colcon_core.package_discovery:discover_packages(recursive) discover
[2.735s] INFO:colcon.colcon_core.package_discovery:Crawling recursively for packages in '/home/jack/f24_robotics_HW4/webots_ros2_homework1_python'
[2.736s] Level 1:colcon.colcon_core.package_identification:_identify(.) by extensions ['ignore', 'ignore_ament_install']
[2.737s] Level 1:colcon.colcon_core.package_identification:_identify(.) by extension 'ignore'
[2.737s] Level 1:colcon.colcon_core.package_identification:_identify(.) by extension 'ignore_ament_install'
[2.738s] Level 1:colcon.colcon_core.package_identification:_identify(.) by extensions ['colcon_pkg']
[2.739s] Level 1:colcon.colcon_core.package_identification:_identify(.) by extension 'colcon_pkg'
[2.740s] Level 1:colcon.colcon_core.package_identification:_identify(.) by extensions ['colcon_meta']
[2.740s] Level 1:colcon.colcon_core.package_identification:_identify(.) by extension 'colcon_meta'
[2.741s] Level 1:colcon.colcon_core.package_identification:_identify(.) by extensions ['ros']
[2.741s] Level 1:colcon.colcon_core.package_identification:_identify(.) by extension 'ros'
[2.831s] DEBUG:colcon.colcon_core.package_identification:Package '.' with type 'ros.ament_python' and name 'webots_ros2_homework1_python'
[2.832s] Level 1:colcon.colcon_core.package_discovery:discover_packages(recursive) using defaults
[2.833s] Level 1:colcon.colcon_core.package_discovery:discover_packages(ignore) discover
[2.833s] Level 1:colcon.colcon_core.package_discovery:discover_packages(ignore) using defaults
[2.833s] Level 1:colcon.colcon_core.package_discovery:discover_packages(path) discover
[2.834s] Level 1:colcon.colcon_core.package_discovery:discover_packages(path) using defaults
[3.021s] Level 1:colcon.colcon_core.package_discovery:discover_packages(prefix_path) check parameters
[3.021s] Level 1:colcon.colcon_core.package_discovery:discover_packages(prefix_path) discover
[3.046s] DEBUG:colcon.colcon_installed_package_information.package_discovery:Found 1 installed packages in /home/jack/f24_robotics_HW4/webots_ros2_homework1_python/install
[3.053s] DEBUG:colcon.colcon_installed_package_information.package_discovery:Found 9 installed packages in /home/jack/turtlebot3_ws/install
[3.066s] DEBUG:colcon.colcon_installed_package_information.package_discovery:Found 288 installed packages in /opt/ros/humble
[3.144s] Level 1:colcon.colcon_core.package_discovery:discover_packages(prefix_path) using defaults
[3.434s] Level 5:colcon.colcon_core.verb:set package 'webots_ros2_homework1_python' build argument 'cmake_args' from command line to 'None'
[3.435s] Level 5:colcon.colcon_core.verb:set package 'webots_ros2_homework1_python' build argument 'cmake_target' from command line to 'None'
[3.435s] Level 5:colcon.colcon_core.verb:set package 'webots_ros2_homework1_python' build argument 'cmake_target_skip_unavailable' from command line to 'False'
[3.435s] Level 5:colcon.colcon_core.verb:set package 'webots_ros2_homework1_python' build argument 'cmake_clean_cache' from command line to 'False'
[3.435s] Level 5:colcon.colcon_core.verb:set package 'webots_ros2_homework1_python' build argument 'cmake_clean_first' from command line to 'False'
[3.436s] Level 5:colcon.colcon_core.verb:set package 'webots_ros2_homework1_python' build argument 'cmake_force_configure' from command line to 'False'
[3.436s] Level 5:colcon.colcon_core.verb:set package 'webots_ros2_homework1_python' build argument 'ament_cmake_args' from command line to 'None'
[3.436s] Level 5:colcon.colcon_core.verb:set package 'webots_ros2_homework1_python' build argument 'catkin_cmake_args' from command line to 'None'
[3.436s] Level 5:colcon.colcon_core.verb:set package 'webots_ros2_homework1_python' build argument 'catkin_skip_building_tests' from command line to 'False'
[3.437s] DEBUG:colcon.colcon_core.verb:Building package 'webots_ros2_homework1_python' with the following arguments: {'ament_cmake_args': None, 'build_base': '/home/jack/f24_robotics_HW4/webots_ros2_homework1_python/build/webots_ros2_homework1_python', 'catkin_cmake_args': None, 'catkin_skip_building_tests': False, 'cmake_args': None, 'cmake_clean_cache': False, 'cmake_clean_first': False, 'cmake_force_configure': False, 'cmake_target': None, 'cmake_target_skip_unavailable': False, 'install_base': '/home/jack/f24_robotics_HW4/webots_ros2_homework1_python/install/webots_ros2_homework1_python', 'merge_install': False, 'path': '/home/jack/f24_robotics_HW4/webots_ros2_homework1_python', 'symlink_install': False, 'test_result_base': None}
[3.438s] INFO:colcon.colcon_core.executor:Executing jobs using 'parallel' executor
[3.446s] DEBUG:colcon.colcon_parallel_executor.executor.parallel:run_until_complete
[3.448s] INFO:colcon.colcon_ros.task.ament_python.build:Building ROS package in '/home/jack/f24_robotics_HW4/webots_ros2_homework1_python' with build type 'ament_python'
[3.450s] Level 1:colcon.colcon_core.shell:create_environment_hook('webots_ros2_homework1_python', 'ament_prefix_path')
[3.466s] INFO:colcon.colcon_core.plugin_system:Skipping extension 'colcon_core.shell.bat': Not used on non-Windows systems
[3.467s] INFO:colcon.colcon_core.shell:Creating environment hook '/home/jack/f24_robotics_HW4/webots_ros2_homework1_python/install/webots_ros2_homework1_python/share/webots_ros2_homework1_python/hook/ament_prefix_path.ps1'
[3.475s] INFO:colcon.colcon_core.shell:Creating environment descriptor '/home/jack/f24_robotics_HW4/webots_ros2_homework1_python/install/webots_ros2_homework1_python/share/webots_ros2_homework1_python/hook/ament_prefix_path.dsv'
[3.480s] INFO:colcon.colcon_core.shell:Creating environment hook '/home/jack/f24_robotics_HW4/webots_ros2_homework1_python/install/webots_ros2_homework1_python/share/webots_ros2_homework1_python/hook/ament_prefix_path.sh'
[3.486s] INFO:colcon.colcon_core.shell:Skip shell extension 'powershell' for command environment: Not usable outside of PowerShell
[3.487s] DEBUG:colcon.colcon_core.shell:Skip shell extension 'dsv' for command environment
[5.869s] INFO:colcon.colcon_core.task.python.build:Building Python package in '/home/jack/f24_robotics_HW4/webots_ros2_homework1_python'
[5.870s] INFO:colcon.colcon_core.shell:Skip shell extension 'powershell' for command environment: Not usable outside of PowerShell
[5.871s] DEBUG:colcon.colcon_core.shell:Skip shell extension 'dsv' for command environment
[8.656s] DEBUG:colcon.colcon_core.event_handler.log_command:Invoking command in '/home/jack/f24_robotics_HW4/webots_ros2_homework1_python': PYTHONPATH=/home/jack/f24_robotics_HW4/webots_ros2_homework1_python/build/webots_ros2_homework1_python/prefix_override:/home/jack/.local/lib/python3.10/site-packages/colcon_core/task/python/colcon_distutils_commands:/home/jack/f24_robotics_HW4/webots_ros2_homework1_python/install/webots_ros2_homework1_python/lib/python3.10/site-packages:${PYTHONPATH} /usr/bin/python3 -W ignore:setup.py install is deprecated setup.py egg_info --egg-base build/webots_ros2_homework1_python build --build-base /home/jack/f24_robotics_HW4/webots_ros2_homework1_python/build/webots_ros2_homework1_python/build install --record /home/jack/f24_robotics_HW4/webots_ros2_homework1_python/build/webots_ros2_homework1_python/install.log --single-version-externally-managed install_data
[11.487s] DEBUG:colcon.colcon_core.event_handler.log_command:Invoked command in '/home/jack/f24_robotics_HW4/webots_ros2_homework1_python' returned '0': PYTHONPATH=/home/jack/f24_robotics_HW4/webots_ros2_homework1_python/build/webots_ros2_homework1_python/prefix_override:/home/jack/.local/lib/python3.10/site-packages/colcon_core/task/python/colcon_distutils_commands:/home/jack/f24_robotics_HW4/webots_ros2_homework1_python/install/webots_ros2_homework1_python/lib/python3.10/site-packages:${PYTHONPATH} /usr/bin/python3 -W ignore:setup.py install is deprecated setup.py egg_info --egg-base build/webots_ros2_homework1_python build --build-base /home/jack/f24_robotics_HW4/webots_ros2_homework1_python/build/webots_ros2_homework1_python/build install --record /home/jack/f24_robotics_HW4/webots_ros2_homework1_python/build/webots_ros2_homework1_python/install.log --single-version-externally-managed install_data
[11.521s] Level 1:colcon.colcon_core.environment:checking '/home/jack/f24_robotics_HW4/webots_ros2_homework1_python/install/webots_ros2_homework1_python' for CMake module files
[11.525s] Level 1:colcon.colcon_core.environment:checking '/home/jack/f24_robotics_HW4/webots_ros2_homework1_python/install/webots_ros2_homework1_python' for CMake config files
[11.537s] Level 1:colcon.colcon_core.environment:checking '/home/jack/f24_robotics_HW4/webots_ros2_homework1_python/install/webots_ros2_homework1_python/lib'
[11.538s] Level 1:colcon.colcon_core.environment:checking '/home/jack/f24_robotics_HW4/webots_ros2_homework1_python/install/webots_ros2_homework1_python/bin'
[11.539s] Level 1:colcon.colcon_core.environment:checking '/home/jack/f24_robotics_HW4/webots_ros2_homework1_python/install/webots_ros2_homework1_python/lib/pkgconfig/webots_ros2_homework1_python.pc'
[11.542s] Level 1:colcon.colcon_core.environment:checking '/home/jack/f24_robotics_HW4/webots_ros2_homework1_python/install/webots_ros2_homework1_python/lib/python3.10/site-packages'
[11.543s] Level 1:colcon.colcon_core.shell:create_environment_hook('webots_ros2_homework1_python', 'pythonpath')
[11.545s] INFO:colcon.colcon_core.shell:Creating environment hook '/home/jack/f24_robotics_HW4/webots_ros2_homework1_python/install/webots_ros2_homework1_python/share/webots_ros2_homework1_python/hook/pythonpath.ps1'
[11.549s] INFO:colcon.colcon_core.shell:Creating environment descriptor '/home/jack/f24_robotics_HW4/webots_ros2_homework1_python/install/webots_ros2_homework1_python/share/webots_ros2_homework1_python/hook/pythonpath.dsv'
[11.554s] INFO:colcon.colcon_core.shell:Creating environment hook '/home/jack/f24_robotics_HW4/webots_ros2_homework1_python/install/webots_ros2_homework1_python/share/webots_ros2_homework1_python/hook/pythonpath.sh'
[11.560s] Level 1:colcon.colcon_core.environment:checking '/home/jack/f24_robotics_HW4/webots_ros2_homework1_python/install/webots_ros2_homework1_python/bin'
[11.560s] Level 1:colcon.colcon_core.environment:create_environment_scripts_only(webots_ros2_homework1_python)
[11.563s] INFO:colcon.colcon_core.shell:Creating package script '/home/jack/f24_robotics_HW4/webots_ros2_homework1_python/install/webots_ros2_homework1_python/share/webots_ros2_homework1_python/package.ps1'
[11.577s] INFO:colcon.colcon_core.shell:Creating package descriptor '/home/jack/f24_robotics_HW4/webots_ros2_homework1_python/install/webots_ros2_homework1_python/share/webots_ros2_homework1_python/package.dsv'
[11.582s] INFO:colcon.colcon_core.shell:Creating package script '/home/jack/f24_robotics_HW4/webots_ros2_homework1_python/install/webots_ros2_homework1_python/share/webots_ros2_homework1_python/package.sh'
[11.592s] INFO:colcon.colcon_core.shell:Creating package script '/home/jack/f24_robotics_HW4/webots_ros2_homework1_python/install/webots_ros2_homework1_python/share/webots_ros2_homework1_python/package.bash'
[11.607s] INFO:colcon.colcon_core.shell:Creating package script '/home/jack/f24_robotics_HW4/webots_ros2_homework1_python/install/webots_ros2_homework1_python/share/webots_ros2_homework1_python/package.zsh'
[11.620s] Level 1:colcon.colcon_core.environment:create_file_with_runtime_dependencies(/home/jack/f24_robotics_HW4/webots_ros2_homework1_python/install/webots_ros2_homework1_python/share/colcon-core/packages/webots_ros2_homework1_python)
[11.622s] DEBUG:colcon.colcon_parallel_executor.executor.parallel:closing loop
[11.624s] DEBUG:colcon.colcon_parallel_executor.executor.parallel:loop closed
[11.625s] DEBUG:colcon.colcon_parallel_executor.executor.parallel:run_until_complete finished with '0'
[11.626s] DEBUG:colcon.colcon_core.event_reactor:joining thread
[11.677s] INFO:colcon.colcon_core.plugin_system:Skipping extension 'colcon_notification.desktop_notification.terminal_notifier': Not used on non-Darwin systems
[11.678s] INFO:colcon.colcon_core.plugin_system:Skipping extension 'colcon_notification.desktop_notification.win32': Not used on non-Windows systems
[11.678s] INFO:colcon.colcon_notification.desktop_notification:Sending desktop notification using 'notify2'
[11.685s] DEBUG:colcon.colcon_notification.desktop_notification.notify2:Failed to initialize notify2: org.freedesktop.DBus.Error.ServiceUnknown: The name org.freedesktop.Notifications was not provided by any .service files
[11.686s] DEBUG:colcon.colcon_core.event_reactor:joined thread
[11.687s] INFO:colcon.colcon_core.shell:Creating prefix script '/home/jack/f24_robotics_HW4/webots_ros2_homework1_python/install/local_setup.ps1'
[11.701s] INFO:colcon.colcon_core.shell:Creating prefix util module '/home/jack/f24_robotics_HW4/webots_ros2_homework1_python/install/_local_setup_util_ps1.py'
[11.725s] INFO:colcon.colcon_core.shell:Creating prefix chain script '/home/jack/f24_robotics_HW4/webots_ros2_homework1_python/install/setup.ps1'
[11.753s] INFO:colcon.colcon_core.shell:Creating prefix script '/home/jack/f24_robotics_HW4/webots_ros2_homework1_python/install/local_setup.sh'
[11.760s] INFO:colcon.colcon_core.shell:Creating prefix util module '/home/jack/f24_robotics_HW4/webots_ros2_homework1_python/install/_local_setup_util_sh.py'
[11.769s] INFO:colcon.colcon_core.shell:Creating prefix chain script '/home/jack/f24_robotics_HW4/webots_ros2_homework1_python/install/setup.sh'
[11.785s] INFO:colcon.colcon_core.shell:Creating prefix script '/home/jack/f24_robotics_HW4/webots_ros2_homework1_python/install/local_setup.bash'
[11.791s] INFO:colcon.colcon_core.shell:Creating prefix chain script '/home/jack/f24_robotics_HW4/webots_ros2_homework1_python/install/setup.bash'
[11.811s] INFO:colcon.colcon_core.shell:Creating prefix script '/home/jack/f24_robotics_HW4/webots_ros2_homework1_python/install/local_setup.zsh'
[11.817s] INFO:colcon.colcon_core.shell:Creating prefix chain script '/home/jack/f24_robotics_HW4/webots_ros2_homework1_python/install/setup.zsh'
